<?xml version="1.0" encoding="UTF-8"?>
<!-- Generated by org.testng.reporters.JUnitReportReporter -->
<testsuite hostname="LAPTOP-OGS2JTKP" failures="0" tests="1" name="test.CartTest" time="5.575" errors="0" timestamp="2024-06-25T16:09:30 IST" skipped="0">
  <testcase classname="test.CartTest" name="verifyOrderAmount" time="5.575"/>
</testsuite> <!-- test.CartTest -->
