<?xml version="1.0" encoding="UTF-8"?>
<!-- Generated by org.testng.reporters.JUnitReportReporter -->
<testsuite hostname="LAPTOP-OGS2JTKP" failures="0" tests="4" name="test.ProductSearchTest" time="28.025" errors="0" timestamp="2024-07-02T23:49:08 IST" skipped="0">
  <testcase classname="test.ProductSearchTest" name="verifyAfterclickonTrackOrderpageshouldBeREDIRECT" time="6.948"/>
  <testcase classname="test.ProductSearchTest" name="verifyIfuserabletoSearchProduct" time="7.206"/>
  <testcase classname="test.ProductSearchTest" name="verifyShoppingCategoriesShouldDisplay" time="5.306"/>
  <testcase classname="test.ProductSearchTest" name="verifyAfterclickonLoginPopupShouldDisplay" time="8.565"/>
</testsuite> <!-- test.ProductSearchTest -->
