<?xml version="1.0" encoding="UTF-8"?>
<!-- Generated by org.testng.reporters.JUnitReportReporter -->
<testsuite hostname="LAPTOP-OGS2JTKP" failures="0" tests="1" name="test.ViewProductDetails" time="9.821" errors="0" timestamp="2024-06-24T20:46:49 IST" skipped="0">
  <testcase classname="test.ViewProductDetails" name="verifyIfUserIsViewProductDetailsFromQuickView" time="9.821"/>
</testsuite> <!-- test.ViewProductDetails -->
