<?xml version="1.0" encoding="UTF-8"?>
<!-- Generated by org.testng.reporters.JUnitReportReporter -->
<testsuite hostname="LAPTOP-OGS2JTKP" failures="0" tests="1" name="test.AddtoCart" time="11.689" errors="0" timestamp="2024-06-20T00:41:55 IST" skipped="0">
  <testcase classname="test.AddtoCart" name="verifyAddTocart" time="11.689"/>
</testsuite> <!-- test.AddtoCart -->
