<?xml version="1.0" encoding="UTF-8"?>
<!-- Generated by org.testng.reporters.JUnitReportReporter -->
<testsuite hostname="LAPTOP-OGS2JTKP" failures="0" tests="2" name="test.ViewProductDetails" time="23.354" errors="0" timestamp="2024-07-03T21:17:16 IST" skipped="0">
  <testcase classname="test.ViewProductDetails" name="verifyProductOpenonNewPage" time="13.350"/>
  <testcase classname="test.ViewProductDetails" name="verifyIfUserAbleToViewProductDetailsFromQuickView" time="10.004"/>
</testsuite> <!-- test.ViewProductDetails -->
