<?xml version="1.0" encoding="UTF-8"?>
<!-- Generated by org.testng.reporters.JUnitReportReporter -->
<testsuite hostname="LAPTOP-OGS2JTKP" failures="0" tests="1" name="test.CartTest" time="14.041" errors="0" timestamp="2024-07-02T23:43:07 IST" skipped="0">
  <testcase classname="test.CartTest" name="verifyAddTocartByAddingMultipleProduct" time="14.041"/>
</testsuite> <!-- test.CartTest -->
