<?xml version="1.0" encoding="UTF-8"?>
<!-- Generated by org.testng.reporters.JUnitReportReporter -->
<testsuite hostname="LAPTOP-OGS2JTKP" failures="0" tests="1" name="test.Checkout" time="69.329" errors="0" timestamp="2024-06-25T16:20:26 IST" skipped="0">
  <testcase classname="test.Checkout" name="verifyProceedToCheckout" time="69.329"/>
</testsuite> <!-- test.Checkout -->
