<?xml version="1.0" encoding="UTF-8"?>
<!-- Generated by org.testng.reporters.JUnitReportReporter -->
<testsuite hostname="LAPTOP-OGS2JTKP" failures="0" tests="2" name="test.ViewProductDetails" time="16.910" errors="0" timestamp="2024-07-02T17:44:37 IST" skipped="0">
  <testcase classname="test.ViewProductDetails" name="verifyProductOpenonNewPage" time="7.191"/>
  <testcase classname="test.ViewProductDetails" name="verifyIfUserAbleToViewProductDetailsFromQuickView" time="9.719"/>
</testsuite> <!-- test.ViewProductDetails -->
