<?xml version="1.0" encoding="UTF-8"?>
<!-- Generated by org.testng.reporters.JUnitReportReporter -->
<testsuite hostname="LAPTOP-OGS2JTKP" failures="0" tests="1" name="test.Proceedtocheckout" time="13.252" errors="0" timestamp="2024-06-22T14:03:26 IST" skipped="0">
  <testcase classname="test.Proceedtocheckout" name="verifyProceedtoCheckoutFunctionality" time="13.252"/>
</testsuite> <!-- test.Proceedtocheckout -->
