<?xml version="1.0" encoding="UTF-8"?>
<!-- Generated by org.testng.reporters.JUnitReportReporter -->
<testsuite hostname="LAPTOP-OGS2JTKP" failures="0" tests="4" name="test.ProductSearchTest" time="17.584" errors="0" timestamp="2024-06-23T15:18:10 IST" skipped="0">
  <testcase classname="test.ProductSearchTest" name="VerifyafterclickonLoginPopupShouldDisplay" time="3.991"/>
  <testcase classname="test.ProductSearchTest" name="VerifyshoppingCategoriesShouldDisplay" time="5.007"/>
  <testcase classname="test.ProductSearchTest" name="VerifyafterclickonTrackOrderpageshouldBeREDIRECT" time="3.742"/>
  <testcase classname="test.ProductSearchTest" name="verifyIfuserabletoSearchProduct" time="4.844"/>
</testsuite> <!-- test.ProductSearchTest -->
