<?xml version="1.0" encoding="UTF-8"?>
<!-- Generated by org.testng.reporters.JUnitReportReporter -->
<testsuite hostname="LAPTOP-OGS2JTKP" failures="0" tests="1" name="test.CartTest" time="8.238" errors="0" timestamp="2024-06-24T16:57:55 IST" skipped="0">
  <testcase classname="test.CartTest" name="verifyOrderAmount" time="8.238"/>
</testsuite> <!-- test.CartTest -->
