<?xml version="1.0" encoding="UTF-8"?>
<!-- Generated by org.testng.reporters.JUnitReportReporter -->
<testsuite hostname="LAPTOP-OGS2JTKP" failures="0" tests="4" name="test.ProductSearchTest" time="18.058" errors="0" timestamp="2024-07-03T21:21:43 IST" skipped="0">
  <testcase classname="test.ProductSearchTest" name="verifyAfterclickonTrackOrderpageshouldBeREDIRECT" time="4.693"/>
  <testcase classname="test.ProductSearchTest" name="verifyAfterclickonLoginPopupShouldDisplay" time="3.438"/>
  <testcase classname="test.ProductSearchTest" name="verifyShoppingCategoriesShouldDisplay" time="5.564"/>
  <testcase classname="test.ProductSearchTest" name="verifyIfuserabletoSearchProduct" time="4.363"/>
</testsuite> <!-- test.ProductSearchTest -->
